<?xml version="1.0" encoding="UTF-8" ?>
<testsuite failures="0" time="2.811" errors="2" skipped="0" tests="3" name="AddressbookTest">
  <properties>
    <property name="java.runtime.name" value="Java(TM) SE Runtime Environment"/>
    <property name="sun.boot.library.path" value="/Library/Java/JavaVirtualMachines/jdk1.7.0_13.jdk/Contents/Home/jre/lib"/>
    <property name="java.vm.version" value="23.7-b01"/>
    <property name="gopherProxySet" value="false"/>
    <property name="java.vm.vendor" value="Oracle Corporation"/>
    <property name="java.vendor.url" value="http://java.oracle.com/"/>
    <property name="path.separator" value=":"/>
    <property name="guice.disable.misplaced.annotation.check" value="true"/>
    <property name="java.vm.name" value="Java HotSpot(TM) 64-Bit Server VM"/>
    <property name="file.encoding.pkg" value="sun.io"/>
    <property name="user.country" value="US"/>
    <property name="sun.java.launcher" value="SUN_STANDARD"/>
    <property name="sun.os.patch.level" value="unknown"/>
    <property name="java.vm.specification.name" value="Java Virtual Machine Specification"/>
    <property name="user.dir" value="/Users/hassingh/Documents/trapster-services-workspace/addressbook"/>
    <property name="java.runtime.version" value="1.7.0_13-b20"/>
    <property name="java.awt.graphicsenv" value="sun.awt.CGraphicsEnvironment"/>
    <property name="java.endorsed.dirs" value="/Library/Java/JavaVirtualMachines/jdk1.7.0_13.jdk/Contents/Home/jre/lib/endorsed"/>
    <property name="os.arch" value="x86_64"/>
    <property name="java.io.tmpdir" value="/var/folders/tk/cv_3hhvd0f38vbhg3jqwycz00000gp/T/"/>
    <property name="line.separator" value="
"/>
    <property name="java.vm.specification.vendor" value="Oracle Corporation"/>
    <property name="os.name" value="Mac OS X"/>
    <property name="classworlds.conf" value="/Users/hassingh/Documents/trapster-services-workspace/.metadata/.plugins/org.eclipse.m2e.launching/launches/m2conf7080640239643358340.tmp"/>
    <property name="sun.jnu.encoding" value="US-ASCII"/>
    <property name="java.library.path" value="/Users/hassingh/Library/Java/Extensions:/Library/Java/Extensions:/Network/Library/Java/Extensions:/System/Library/Java/Extensions:/usr/lib/java:."/>
    <property name="java.specification.name" value="Java Platform API Specification"/>
    <property name="java.class.version" value="51.0"/>
    <property name="sun.management.compiler" value="HotSpot 64-Bit Tiered Compilers"/>
    <property name="os.version" value="10.9.3"/>
    <property name="http.nonProxyHosts" value="local|*.local|169.254/16|*.169.254/16"/>
    <property name="user.home" value="/Users/hassingh"/>
    <property name="user.timezone" value="America/Los_Angeles"/>
    <property name="java.awt.printerjob" value="sun.lwawt.macosx.CPrinterJob"/>
    <property name="java.specification.version" value="1.7"/>
    <property name="file.encoding" value="US-ASCII"/>
    <property name="user.name" value="hassingh"/>
    <property name="java.class.path" value="/usr/local/Cellar/maven/3.2.1/libexec/boot/plexus-classworlds-2.5.1.jar"/>
    <property name="org.slf4j.simpleLogger.defaultLogLevel" value="info"/>
    <property name="java.vm.specification.version" value="1.7"/>
    <property name="sun.arch.data.model" value="64"/>
    <property name="java.home" value="/Library/Java/JavaVirtualMachines/jdk1.7.0_13.jdk/Contents/Home/jre"/>
    <property name="sun.java.command" value="org.codehaus.classworlds.Launcher -B install"/>
    <property name="java.specification.vendor" value="Oracle Corporation"/>
    <property name="user.language" value="en"/>
    <property name="awt.toolkit" value="sun.lwawt.macosx.LWCToolkit"/>
    <property name="java.vm.info" value="mixed mode"/>
    <property name="java.version" value="1.7.0_13"/>
    <property name="java.ext.dirs" value="/Users/hassingh/Library/Java/Extensions:/Library/Java/JavaVirtualMachines/jdk1.7.0_13.jdk/Contents/Home/jre/lib/ext:/Library/Java/Extensions:/Network/Library/Java/Extensions:/System/Library/Java/Extensions:/usr/lib/java"/>
    <property name="sun.boot.class.path" value="/Library/Java/JavaVirtualMachines/jdk1.7.0_13.jdk/Contents/Home/jre/lib/resources.jar:/Library/Java/JavaVirtualMachines/jdk1.7.0_13.jdk/Contents/Home/jre/lib/rt.jar:/Library/Java/JavaVirtualMachines/jdk1.7.0_13.jdk/Contents/Home/jre/lib/sunrsasign.jar:/Library/Java/JavaVirtualMachines/jdk1.7.0_13.jdk/Contents/Home/jre/lib/jsse.jar:/Library/Java/JavaVirtualMachines/jdk1.7.0_13.jdk/Contents/Home/jre/lib/jce.jar:/Library/Java/JavaVirtualMachines/jdk1.7.0_13.jdk/Contents/Home/jre/lib/charsets.jar:/Library/Java/JavaVirtualMachines/jdk1.7.0_13.jdk/Contents/Home/jre/lib/jfr.jar:/Library/Java/JavaVirtualMachines/jdk1.7.0_13.jdk/Contents/Home/jre/lib/JObjC.jar:/Library/Java/JavaVirtualMachines/jdk1.7.0_13.jdk/Contents/Home/jre/classes"/>
    <property name="java.vendor" value="Oracle Corporation"/>
    <property name="maven.home" value="/usr/local/Cellar/maven/3.2.1/libexec"/>
    <property name="file.separator" value="/"/>
    <property name="java.vendor.url.bug" value="http://bugreport.sun.com/bugreport/"/>
    <property name="maven.bootclasspath" value="/usr/local/Cellar/maven/3.2.1/libexec/boot/plexus-classworlds-2.5.1.jar"/>
    <property name="sun.cpu.endian" value="little"/>
    <property name="sun.io.unicode.encoding" value="UnicodeBig"/>
    <property name="socksNonProxyHosts" value="local|*.local|169.254/16|*.169.254/16"/>
    <property name="ftp.nonProxyHosts" value="local|*.local|169.254/16|*.169.254/16"/>
    <property name="sun.cpu.isalist" value=""/>
  </properties>
  <testcase time="2.557" classname="AddressbookTest" name="controlSequence">
    <error message="Unable to find a MessageBodyReader of content-type text/html and type class com.interview.problem.addressbook.core.AddressBookResponse" type="javax.ws.rs.ProcessingException">javax.ws.rs.ProcessingException: Unable to find a MessageBodyReader of content-type text/html and type class com.interview.problem.addressbook.core.AddressBookResponse
	at org.jboss.resteasy.core.interception.ClientReaderInterceptorContext.throwReaderNotFound(ClientReaderInterceptorContext.java:39)
	at org.jboss.resteasy.core.interception.AbstractReaderInterceptorContext.getReader(AbstractReaderInterceptorContext.java:73)
	at org.jboss.resteasy.core.interception.AbstractReaderInterceptorContext.proceed(AbstractReaderInterceptorContext.java:50)
	at org.jboss.resteasy.plugins.interceptors.encoding.GZIPDecodingInterceptor.aroundReadFrom(GZIPDecodingInterceptor.java:59)
	at org.jboss.resteasy.core.interception.AbstractReaderInterceptorContext.proceed(AbstractReaderInterceptorContext.java:53)
	at org.jboss.resteasy.client.jaxrs.internal.ClientResponse.readFrom(ClientResponse.java:248)
	at org.jboss.resteasy.client.jaxrs.internal.ClientResponse.readEntity(ClientResponse.java:181)
	at org.jboss.resteasy.specimpl.BuiltResponse.readEntity(BuiltResponse.java:217)
	at AddressbookTest.controlSequence(AddressbookTest.java:61)
	at sun.reflect.NativeMethodAccessorImpl.invoke0(Native Method)
	at sun.reflect.NativeMethodAccessorImpl.invoke(NativeMethodAccessorImpl.java:57)
	at sun.reflect.DelegatingMethodAccessorImpl.invoke(DelegatingMethodAccessorImpl.java:43)
	at java.lang.reflect.Method.invoke(Method.java:601)
	at org.junit.runners.model.FrameworkMethod$1.runReflectiveCall(FrameworkMethod.java:47)
	at org.junit.internal.runners.model.ReflectiveCallable.run(ReflectiveCallable.java:12)
	at org.junit.runners.model.FrameworkMethod.invokeExplosively(FrameworkMethod.java:44)
	at org.junit.internal.runners.statements.InvokeMethod.evaluate(InvokeMethod.java:17)
	at org.junit.internal.runners.statements.RunBefores.evaluate(RunBefores.java:26)
	at org.springframework.test.context.junit4.statements.RunBeforeTestMethodCallbacks.evaluate(RunBeforeTestMethodCallbacks.java:74)
	at org.springframework.test.context.junit4.statements.RunAfterTestMethodCallbacks.evaluate(RunAfterTestMethodCallbacks.java:83)
	at org.springframework.test.context.junit4.statements.SpringRepeat.evaluate(SpringRepeat.java:72)
	at org.springframework.test.context.junit4.SpringJUnit4ClassRunner.runChild(SpringJUnit4ClassRunner.java:231)
	at org.springframework.test.context.junit4.SpringJUnit4ClassRunner.runChild(SpringJUnit4ClassRunner.java:88)
	at org.junit.runners.ParentRunner$3.run(ParentRunner.java:238)
	at org.junit.runners.ParentRunner$1.schedule(ParentRunner.java:63)
	at org.junit.runners.ParentRunner.runChildren(ParentRunner.java:236)
	at org.junit.runners.ParentRunner.access$000(ParentRunner.java:53)
	at org.junit.runners.ParentRunner$2.evaluate(ParentRunner.java:229)
	at org.springframework.test.context.junit4.statements.RunBeforeTestClassCallbacks.evaluate(RunBeforeTestClassCallbacks.java:61)
	at org.springframework.test.context.junit4.statements.RunAfterTestClassCallbacks.evaluate(RunAfterTestClassCallbacks.java:71)
	at org.junit.runners.ParentRunner.run(ParentRunner.java:309)
	at org.springframework.test.context.junit4.SpringJUnit4ClassRunner.run(SpringJUnit4ClassRunner.java:174)
	at org.apache.maven.surefire.junit4.JUnit4TestSet.execute(JUnit4TestSet.java:53)
	at org.apache.maven.surefire.junit4.JUnit4Provider.executeTestSet(JUnit4Provider.java:123)
	at org.apache.maven.surefire.junit4.JUnit4Provider.invoke(JUnit4Provider.java:104)
	at sun.reflect.NativeMethodAccessorImpl.invoke0(Native Method)
	at sun.reflect.NativeMethodAccessorImpl.invoke(NativeMethodAccessorImpl.java:57)
	at sun.reflect.DelegatingMethodAccessorImpl.invoke(DelegatingMethodAccessorImpl.java:43)
	at java.lang.reflect.Method.invoke(Method.java:601)
	at org.apache.maven.surefire.util.ReflectionUtils.invokeMethodWithArray(ReflectionUtils.java:164)
	at org.apache.maven.surefire.booter.ProviderFactory$ProviderProxy.invoke(ProviderFactory.java:110)
	at org.apache.maven.surefire.booter.SurefireStarter.invokeProvider(SurefireStarter.java:175)
	at org.apache.maven.surefire.booter.SurefireStarter.runSuitesInProcessWhenForked(SurefireStarter.java:107)
	at org.apache.maven.surefire.booter.ForkedBooter.main(ForkedBooter.java:68)
</error>
    <system-out>2014-11-16 20:54:56,557 INFO  [main] org.springframework.test.context.TestContextManager: Could not instantiate TestExecutionListener class [org.springframework.test.context.transaction.TransactionalTestExecutionListener]. Specify custom listener classes or make the default listener classes (and their dependencies) available.
2014-11-16 20:54:58,214 INFO  [main] org.springframework.beans.factory.xml.XmlBeanDefinitionReader: Loading XML bean definitions from class path resource [service-app-test-context.xml]
2014-11-16 20:54:58,294 INFO  [main] org.springframework.beans.factory.xml.XmlBeanDefinitionReader: Loading XML bean definitions from class path resource [service-app-context.xml]
2014-11-16 20:54:58,400 INFO  [main] org.springframework.context.support.GenericApplicationContext: Refreshing org.springframework.context.support.GenericApplicationContext@27278729: startup date [Sun Nov 16 20:54:58 PST 2014]; root of context hierarchy
2014-11-16 20:54:58,447 INFO  [main] org.springframework.beans.factory.annotation.AutowiredAnnotationBeanPostProcessor: JSR-330 &apos;javax.inject.Inject&apos; annotation found and supported for autowiring
2014-11-16 20:54:58,456 INFO  [main] org.springframework.beans.factory.support.DefaultListableBeanFactory: Pre-instantiating singletons in org.springframework.beans.factory.support.DefaultListableBeanFactory@530ee71b: defining beans [address,addressBookImpl,contact,contactInfo,processor,addressBookService,org.springframework.context.annotation.internalConfigurationAnnotationProcessor,org.springframework.context.annotation.internalAutowiredAnnotationProcessor,org.springframework.context.annotation.internalRequiredAnnotationProcessor,org.springframework.context.annotation.internalCommonAnnotationProcessor,server,org.springframework.context.annotation.ConfigurationClassPostProcessor.importAwareProcessor]; root of factory hierarchy
KEEPALIVE!: true
2014-11-16 20:54:58,538 INFO  [main] org.jboss.resteasy.springmvc.tjws.TJWSSpringMVCDispatcher: FrameworkServlet &apos;/addressbook&apos;: initialization started
2014-11-16 20:54:58,543 INFO  [main] org.springframework.web.context.support.XmlWebApplicationContext: Refreshing WebApplicationContext for namespace &apos;/addressbook-servlet&apos;: startup date [Sun Nov 16 20:54:58 PST 2014]; root of context hierarchy
2014-11-16 20:54:58,544 INFO  [main] org.springframework.beans.factory.xml.XmlBeanDefinitionReader: Loading XML bean definitions from class path resource [service-app-context.xml]
2014-11-16 20:54:58,602 INFO  [main] org.springframework.beans.factory.annotation.AutowiredAnnotationBeanPostProcessor: JSR-330 &apos;javax.inject.Inject&apos; annotation found and supported for autowiring
2014-11-16 20:54:58,606 INFO  [main] org.springframework.beans.factory.support.DefaultListableBeanFactory: Pre-instantiating singletons in org.springframework.beans.factory.support.DefaultListableBeanFactory@1548a36c: defining beans [address,addressBookImpl,contact,contactInfo,processor,addressBookService,org.springframework.context.annotation.internalConfigurationAnnotationProcessor,org.springframework.context.annotation.internalAutowiredAnnotationProcessor,org.springframework.context.annotation.internalRequiredAnnotationProcessor,org.springframework.context.annotation.internalCommonAnnotationProcessor,org.springframework.context.annotation.ConfigurationClassPostProcessor.importAwareProcessor]; root of factory hierarchy
2014-11-16 20:54:58,850 INFO  [main] org.jboss.resteasy.springmvc.tjws.TJWSSpringMVCDispatcher: FrameworkServlet &apos;/addressbook&apos;: initialization completed in 312 ms
[Sun Nov 16 20:54:58 PST 2014] TJWS httpd localhost - SimpleAcceptor ServerSocket[addr=localhost/127.0.0.1,port=0,localport=3001] is listening.
2014-11-16 20:54:59,105 WARN  [Acme.Utils.ThreadPool(0)-PooledThread: Acme.Serve.Serve$ServeConnection@53920d20] org.springframework.web.servlet.PageNotFound: No mapping found for HTTP request with URI [/addressbook/addressbook/contact/hashim1] in DispatcherServlet with name &apos;/addressbook&apos;
</system-out>
    <system-err>[Sun Nov 16 20:54:58 PST 2014] MIME map can&apos;t be loaded:java.lang.NullPointerException
[Sun Nov 16 20:54:58 PST 2014] Initializing Spring FrameworkServlet &apos;/addressbook&apos;
</system-err>
  </testcase>
  <testcase time="0.028" classname="AddressbookTest" name="XmlRequestTest">
    <error message="Unable to find a MessageBodyReader of content-type text/html and type class com.interview.problem.addressbook.core.AddressBookResponse" type="javax.ws.rs.ProcessingException">javax.ws.rs.ProcessingException: Unable to find a MessageBodyReader of content-type text/html and type class com.interview.problem.addressbook.core.AddressBookResponse
	at org.jboss.resteasy.core.interception.ClientReaderInterceptorContext.throwReaderNotFound(ClientReaderInterceptorContext.java:39)
	at org.jboss.resteasy.core.interception.AbstractReaderInterceptorContext.getReader(AbstractReaderInterceptorContext.java:73)
	at org.jboss.resteasy.core.interception.AbstractReaderInterceptorContext.proceed(AbstractReaderInterceptorContext.java:50)
	at org.jboss.resteasy.plugins.interceptors.encoding.GZIPDecodingInterceptor.aroundReadFrom(GZIPDecodingInterceptor.java:59)
	at org.jboss.resteasy.core.interception.AbstractReaderInterceptorContext.proceed(AbstractReaderInterceptorContext.java:53)
	at org.jboss.resteasy.client.jaxrs.internal.ClientResponse.readFrom(ClientResponse.java:248)
	at org.jboss.resteasy.client.jaxrs.internal.ClientResponse.readEntity(ClientResponse.java:181)
	at org.jboss.resteasy.specimpl.BuiltResponse.readEntity(BuiltResponse.java:217)
	at AddressbookTest.XmlRequestTest(AddressbookTest.java:156)
	at sun.reflect.NativeMethodAccessorImpl.invoke0(Native Method)
	at sun.reflect.NativeMethodAccessorImpl.invoke(NativeMethodAccessorImpl.java:57)
	at sun.reflect.DelegatingMethodAccessorImpl.invoke(DelegatingMethodAccessorImpl.java:43)
	at java.lang.reflect.Method.invoke(Method.java:601)
	at org.junit.runners.model.FrameworkMethod$1.runReflectiveCall(FrameworkMethod.java:47)
	at org.junit.internal.runners.model.ReflectiveCallable.run(ReflectiveCallable.java:12)
	at org.junit.runners.model.FrameworkMethod.invokeExplosively(FrameworkMethod.java:44)
	at org.junit.internal.runners.statements.InvokeMethod.evaluate(InvokeMethod.java:17)
	at org.junit.internal.runners.statements.RunBefores.evaluate(RunBefores.java:26)
	at org.springframework.test.context.junit4.statements.RunBeforeTestMethodCallbacks.evaluate(RunBeforeTestMethodCallbacks.java:74)
	at org.springframework.test.context.junit4.statements.RunAfterTestMethodCallbacks.evaluate(RunAfterTestMethodCallbacks.java:83)
	at org.springframework.test.context.junit4.statements.SpringRepeat.evaluate(SpringRepeat.java:72)
	at org.springframework.test.context.junit4.SpringJUnit4ClassRunner.runChild(SpringJUnit4ClassRunner.java:231)
	at org.springframework.test.context.junit4.SpringJUnit4ClassRunner.runChild(SpringJUnit4ClassRunner.java:88)
	at org.junit.runners.ParentRunner$3.run(ParentRunner.java:238)
	at org.junit.runners.ParentRunner$1.schedule(ParentRunner.java:63)
	at org.junit.runners.ParentRunner.runChildren(ParentRunner.java:236)
	at org.junit.runners.ParentRunner.access$000(ParentRunner.java:53)
	at org.junit.runners.ParentRunner$2.evaluate(ParentRunner.java:229)
	at org.springframework.test.context.junit4.statements.RunBeforeTestClassCallbacks.evaluate(RunBeforeTestClassCallbacks.java:61)
	at org.springframework.test.context.junit4.statements.RunAfterTestClassCallbacks.evaluate(RunAfterTestClassCallbacks.java:71)
	at org.junit.runners.ParentRunner.run(ParentRunner.java:309)
	at org.springframework.test.context.junit4.SpringJUnit4ClassRunner.run(SpringJUnit4ClassRunner.java:174)
	at org.apache.maven.surefire.junit4.JUnit4TestSet.execute(JUnit4TestSet.java:53)
	at org.apache.maven.surefire.junit4.JUnit4Provider.executeTestSet(JUnit4Provider.java:123)
	at org.apache.maven.surefire.junit4.JUnit4Provider.invoke(JUnit4Provider.java:104)
	at sun.reflect.NativeMethodAccessorImpl.invoke0(Native Method)
	at sun.reflect.NativeMethodAccessorImpl.invoke(NativeMethodAccessorImpl.java:57)
	at sun.reflect.DelegatingMethodAccessorImpl.invoke(DelegatingMethodAccessorImpl.java:43)
	at java.lang.reflect.Method.invoke(Method.java:601)
	at org.apache.maven.surefire.util.ReflectionUtils.invokeMethodWithArray(ReflectionUtils.java:164)
	at org.apache.maven.surefire.booter.ProviderFactory$ProviderProxy.invoke(ProviderFactory.java:110)
	at org.apache.maven.surefire.booter.SurefireStarter.invokeProvider(SurefireStarter.java:175)
	at org.apache.maven.surefire.booter.SurefireStarter.runSuitesInProcessWhenForked(SurefireStarter.java:107)
	at org.apache.maven.surefire.booter.ForkedBooter.main(ForkedBooter.java:68)
</error>
    <system-out>2014-11-16 20:54:59,148 WARN  [Acme.Utils.ThreadPool(1)-PooledThread: Acme.Serve.Serve$ServeConnection@73cae249] org.springframework.web.servlet.PageNotFound: No mapping found for HTTP request with URI [/addressbook/addressbook/contact/hashim2] in DispatcherServlet with name &apos;/addressbook&apos;
</system-out>
  </testcase>
  <testcase time="0.038" classname="AddressbookTest" name="getwayTest"/>
</testsuite>